13.0
13.0
33.0
13.0
14.0
29.0
17.0
15.0
14.0
15.0
8.0
10.0
11.0
14.0
14.0
18.0
18.0
14.0
39.0
36.0
33.0
32.0
39.0
50.0
45.0
36.0
85.0
53.0
39.0
89.0
23.0
27.0
37.0
40.0
41.0
54.0
34.0
78.0
71.0
90.0
192.0
137.0
172.0
164.0
167.0
140.0
144.0
200.0
188.0
167.0
189.0
15.0
200.0
159.0
200.0
139.0
134.0
175.0
162.0
164.0
180.0
140.0
161.0
155.0
151.0
200.0
170.0
113.0
10.0
9.0
29.0
9.0
10.0
8.0
9.0
9.0
11.0
59.0
121.0
149.0
157.0
150.0
151.0
162.0
155.0
180.0
161.0
179.0
169.0
161.0
153.0
170.0
154.0
200.0
176.0
118.0
200.0
13.0
32.0
67.0
54.0
18.0
42.0
200.0
200.0
180.0
200.0
198.0
200.0
197.0
200.0
189.0
200.0
195.0
200.0
186.0
200.0
197.0
175.0
164.0
156.0
175.0
186.0
168.0
184.0
136.0
147.0
152.0
175.0
143.0
137.0
142.0
180.0
178.0
160.0
150.0
139.0
200.0
176.0
177.0
111.0
25.0
11.0
51.0
10.0
14.0
200.0
175.0
183.0
177.0
200.0
200.0
200.0
200.0
200.0
196.0
162.0
166.0
179.0
38.0
131.0
184.0
189.0
200.0
200.0
200.0
200.0
200.0
200.0
200.0
200.0
200.0
10.0
200.0
200.0
200.0
194.0
182.0
178.0
200.0
188.0
200.0
200.0
148.0
200.0
200.0
57.0
115.0
200.0
150.0
177.0
134.0
200.0
155.0
102.0
124.0
115.0
127.0
119.0
151.0
148.0
149.0
107.0
142.0
145.0
24.0
145.0
170.0
152.0
184.0
134.0
200.0
148.0
193.0
200.0
200.0
195.0
30.0
200.0
127.0
117.0
180.0
154.0
149.0
182.0
199.0
184.0
116.0
200.0
142.0
170.0
12.0
11.0
13.0
12.0
200.0
200.0
200.0
200.0
166.0
200.0
161.0
200.0
200.0
200.0
200.0
200.0
200.0
67.0
9.0
8.0
8.0
9.0
11.0
12.0
112.0
18.0
17.0
11.0
16.0
200.0
200.0
200.0
200.0
200.0
200.0
200.0
200.0
93.0
176.0
156.0
176.0
122.0
121.0
157.0
122.0
147.0
96.0
81.0
19.0
158.0
146.0
181.0
149.0
70.0
10.0
10.0
15.0
87.0
113.0
156.0
167.0
134.0
137.0
151.0
150.0
192.0
121.0
159.0
190.0
200.0
200.0
200.0
174.0
200.0
200.0
156.0
200.0
200.0
79.0
107.0
200.0
140.0
176.0
160.0
117.0
59.0
168.0
107.0
111.0
171.0
200.0
200.0
200.0
96.0
200.0
200.0
23.0
168.0
200.0
200.0
200.0
200.0
153.0
124.0
97.0
10.0
9.0
45.0
108.0
83.0
158.0
107.0
70.0
111.0
100.0
96.0
109.0
111.0
101.0
200.0
120.0
157.0
131.0
157.0
196.0
193.0
117.0
177.0
10.0
113.0
119.0
171.0
200.0
190.0
200.0
44.0
200.0
179.0
121.0
200.0
160.0
200.0
158.0
200.0
186.0
80.0
107.0
200.0
200.0
128.0
200.0
200.0
200.0
200.0
22.0
42.0
141.0
148.0
155.0
83.0
110.0
22.0
56.0
10.0
184.0
200.0
196.0
135.0
200.0
200.0
134.0
139.0
160.0
200.0
58.0
200.0
200.0
200.0
160.0
141.0
122.0
138.0
110.0
109.0
162.0
200.0
200.0
20.0
16.0
16.0
12.0
200.0
200.0
200.0
200.0
179.0
127.0
33.0
129.0
199.0
131.0
130.0
170.0
128.0
200.0
155.0
188.0
63.0
125.0
95.0
184.0
63.0
200.0
200.0
175.0
200.0
200.0
17.0
13.0
34.0
183.0
192.0
109.0
170.0
200.0
200.0
200.0
200.0
175.0
200.0
200.0
200.0
200.0
197.0
118.0
60.0
200.0
62.0
200.0
200.0
200.0
200.0
122.0
111.0
161.0
200.0
192.0
141.0
117.0
119.0
200.0
42.0
9.0
200.0
200.0
200.0
200.0
200.0
200.0
152.0
155.0
200.0
128.0
122.0
194.0
94.0
63.0
101.0
107.0
109.0
113.0
109.0
108.0
156.0
120.0
10.0
11.0
12.0
13.0
21.0
112.0
141.0
101.0
103.0
160.0
24.0
21.0
113.0
162.0
149.0
190.0
193.0
200.0
142.0
149.0
200.0
147.0
32.0
45.0
200.0
122.0
25.0
103.0
107.0
200.0
115.0
200.0
152.0
200.0
145.0
128.0
124.0
165.0
177.0
138.0
180.0
134.0
135.0
144.0
119.0
137.0
28.0
142.0
200.0
137.0
136.0
200.0
109.0
155.0
135.0
166.0
88.0
200.0
79.0
200.0
65.0
65.0
129.0
98.0
101.0
29.0
123.0
67.0
77.0
184.0
131.0
133.0
200.0
200.0
200.0
200.0
168.0
200.0
200.0
200.0
200.0
200.0
200.0
200.0
192.0
200.0
160.0
112.0
200.0
152.0
200.0
200.0
200.0
134.0
200.0
164.0
200.0
200.0
200.0
200.0
9.0
10.0
58.0
200.0
134.0
84.0
146.0
158.0
200.0
197.0
200.0
15.0
12.0
13.0
195.0
200.0
200.0
167.0
200.0
18.0
12.0
11.0
200.0
131.0
136.0
140.0
126.0
126.0
200.0
77.0
200.0
137.0
144.0
200.0
200.0
160.0
151.0
166.0
200.0
64.0
100.0
132.0
200.0
130.0
100.0
200.0
200.0
51.0
94.0
115.0
200.0
72.0
50.0
133.0
105.0
125.0
67.0
96.0
79.0
77.0
183.0
180.0
109.0
89.0
104.0
126.0
125.0
128.0
132.0
127.0
117.0
200.0
109.0
183.0
159.0
134.0
137.0
137.0
139.0
140.0
114.0
200.0
200.0
200.0
131.0
12.0
10.0
11.0
11.0
45.0
41.0
49.0
156.0
154.0
131.0
144.0
127.0
200.0
167.0
200.0
200.0
116.0
112.0
104.0
103.0
76.0
33.0
195.0
115.0
89.0
120.0
148.0
98.0
122.0
87.0
118.0
89.0
14.0
111.0
124.0
126.0
121.0
96.0
105.0
131.0
114.0
94.0
116.0
127.0
142.0
109.0
121.0
125.0
130.0
128.0
117.0
112.0
28.0
89.0
145.0
54.0
53.0
200.0
56.0
54.0
186.0
186.0
200.0
148.0
122.0
134.0
188.0
125.0
151.0
121.0
106.0
200.0
128.0
143.0
158.0
161.0
139.0
135.0
200.0
200.0
133.0
144.0
137.0
144.0
134.0
128.0
125.0
107.0
29.0
142.0
126.0
130.0
136.0
138.0
144.0
145.0
160.0
130.0
39.0
184.0
48.0
156.0
119.0
135.0
70.0
66.0
200.0
200.0
200.0
150.0
143.0
165.0
169.0
176.0
200.0
200.0
61.0
19.0
15.0
23.0
14.0
200.0
93.0
90.0
121.0
95.0
191.0
169.0
200.0
107.0
9.0
9.0
9.0
10.0
9.0
10.0
12.0
11.0
200.0
200.0
129.0
129.0
200.0
163.0
43.0
138.0
109.0
128.0
101.0
128.0
122.0
150.0
34.0
10.0
11.0
17.0
31.0
103.0
24.0
26.0
27.0
35.0
114.0
127.0
108.0
141.0
69.0
112.0
200.0
200.0
131.0
166.0
200.0
200.0
170.0
176.0
174.0
200.0
183.0
200.0
9.0
9.0
9.0
8.0
9.0
10.0
9.0
9.0
8.0
8.0
9.0
9.0
9.0
9.0
8.0
9.0
11.0
11.0
11.0
11.0
10.0
65.0
27.0
192.0
25.0
19.0
36.0
49.0
63.0
200.0
200.0
200.0
160.0
200.0
200.0
200.0
200.0
200.0
200.0
200.0
200.0
200.0
200.0
200.0
200.0
200.0
200.0
195.0
170.0
9.0
15.0
153.0
15.0
200.0
200.0
139.0
169.0
200.0
200.0
186.0
200.0
153.0
200.0
24.0
16.0
186.0
200.0
200.0
200.0
200.0
174.0
200.0
120.0
200.0
200.0
200.0
200.0
200.0
200.0
158.0
200.0
139.0
182.0
200.0
200.0
10.0
31.0
34.0
44.0
77.0
160.0
200.0
168.0
191.0
143.0
167.0
200.0
134.0
200.0
200.0
104.0
113.0
139.0
172.0
116.0
119.0
101.0
104.0
113.0
116.0
9.0
10.0
9.0
20.0
96.0
117.0
111.0
116.0
124.0
106.0
119.0
109.0
118.0
114.0
114.0
139.0
13.0
154.0
200.0
